Sat Sep 21 2013 14:31:34 GMT-0400 (EDT):
{ [Error: Unable to locate site named gameit]
  stack: [Getter/Setter],
  __frame: 
   { name: 'lookupSiteNameAndWebSpace',
     line: 605,
     file: '/usr/local/azure/lib/commands/site._js',
     prev: 
      { name: 'ensureRepositoryUri',
        line: 679,
        file: '/usr/local/azure/lib/commands/site._js',
        prev: [Object],
        active: false,
        offset: 1,
        col: 19 },
     active: false,
     offset: 7,
     col: 4 },
  rawStack: [Getter] }
Error: Unable to locate site named gameit
    at ___ (/usr/local/azure/lib/commands/site._js:601:20)
    at ___ (/usr/local/azure/node_modules/streamline/lib/callbacks/runtime.js:85:13)
    at ___ (/usr/local/azure/lib/commands/site._js:1046:131)
    at __tryCatch (/usr/local/azure/node_modules/streamline/lib/callbacks/runtime.js:141:4)
    at ___ (/usr/local/azure/lib/commands/site._js:1046:67)
    at site_doSitesGet__18 (/usr/local/azure/lib/commands/site._js:1046:33)
    at lookupSiteNameAndWebSpace (/usr/local/azure/lib/commands/site._js:612:4)
    at ensureRepositoryUri (/usr/local/azure/lib/commands/site._js:680:19)
    at __2 (/usr/local/azure/lib/commands/site.log._js:84:26)

